<?xml version="1.0" encoding="UTF-8"?>
<!-- Generated by org.testng.reporters.JUnitXMLReporter -->
<testsuite hostname="DESKTOP-2COP05S" ignored="0" name="Test" tests="7" failures="2" timestamp="2021-10-21T02:08:46 IST" time="137.432" errors="0">
  <testcase name="verify" time="13.725" classname="QTRecognition.login"/>
  <testcase name="verifyColour" time="3.717" classname="QTRecognition.login">
    <failure type="junit.framework.AssertionFailedError">
      <![CDATA[junit.framework.AssertionFailedError
at junit.framework.Assert.fail(Assert.java:47)
at junit.framework.Assert.assertTrue(Assert.java:20)
at junit.framework.Assert.assertTrue(Assert.java:27)
at QTRecognition.login.verifyColour(login.java:48)
at java.util.ArrayList.forEach(ArrayList.java:1259)
at java.util.concurrent.FutureTask.run(FutureTask.java:266)
at java.util.concurrent.ThreadPoolExecutor.runWorker(ThreadPoolExecutor.java:1149)
at java.util.concurrent.ThreadPoolExecutor$Worker.run(ThreadPoolExecutor.java:624)
at java.lang.Thread.run(Thread.java:748)
... Removed 18 stack frames]]>
    </failure>
  </testcase> <!-- verifyColour -->
  <testcase name="activity" time="8.247" classname="QTRecognition.Activity"/>
  <testcase name="kudosVerify" time="36.874" classname="QTRecognition.kudosSend">
    <failure type="java.lang.AssertionError" message="expected [true] but found [false]">
      <![CDATA[java.lang.AssertionError: expected [true] but found [false]
at QTRecognition.kudosSend.kudosVerify(kudosSend.java:63)
at java.util.ArrayList.forEach(ArrayList.java:1259)
at java.util.concurrent.FutureTask.run(FutureTask.java:266)
at java.util.concurrent.ThreadPoolExecutor.runWorker(ThreadPoolExecutor.java:1149)
at java.util.concurrent.ThreadPoolExecutor$Worker.run(ThreadPoolExecutor.java:624)
at java.lang.Thread.run(Thread.java:748)
... Removed 22 stack frames]]>
    </failure>
  </testcase> <!-- kudosVerify -->
  <testcase name="search" time="24.285" classname="QTRecognition.kudosSearch"/>
  <testcase name="kudosrecentv" time="17.729" classname="QTRecognition.kudosRecent"/>
  <testcase name="other" time="24.062" classname="QTRecognition.others"/>
</testsuite> <!-- Test -->
