<?xml version="1.0" encoding="UTF-8"?>
<testng-results skipped="0" failed="0" ignored="0" total="1" passed="1">
  <reporter-output>
  </reporter-output>
  <suite name="Surefire suite" duration-ms="17" started-at="2021-10-21T02:33:56 IST" finished-at="2021-10-21T02:33:56 IST">
    <groups>
    </groups>
    <test name="Surefire test" duration-ms="17" started-at="2021-10-21T02:33:56 IST" finished-at="2021-10-21T02:33:56 IST">
      <class name="QTRecognition.AppTest">
        <test-method status="PASS" signature="testApp()[pri:0, instance:testApp(QTRecognition.AppTest)]" name="testApp" duration-ms="4" started-at="2021-10-21T02:33:56 IST" finished-at="2021-10-21T02:33:56 IST">
          <reporter-output>
          </reporter-output>
        </test-method> <!-- testApp -->
      </class> <!-- QTRecognition.AppTest -->
    </test> <!-- Surefire test -->
  </suite> <!-- Surefire suite -->
</testng-results>
