<?xml version="1.0" encoding="UTF-8"?>
<testng-results skipped="0" failed="2" ignored="0" total="7" passed="5">
  <reporter-output>
  </reporter-output>
  <suite name="Suite" duration-ms="137432" started-at="2021-10-21T02:06:28 IST" finished-at="2021-10-21T02:08:45 IST">
    <groups>
    </groups>
    <test name="Test" duration-ms="137432" started-at="2021-10-21T02:06:28 IST" finished-at="2021-10-21T02:08:45 IST">
      <class name="QTRecognition.login">
        <test-method status="PASS" signature="verify()[pri:0, instance:QTRecognition.login@42eca56e]" name="verify" duration-ms="13725" started-at="2021-10-21T02:06:28 IST" finished-at="2021-10-21T02:06:42 IST">
          <reporter-output>
          </reporter-output>
        </test-method> <!-- verify -->
        <test-method status="FAIL" signature="verifyColour()[pri:0, instance:QTRecognition.login@42eca56e]" name="verifyColour" duration-ms="3717" started-at="2021-10-21T02:06:42 IST" finished-at="2021-10-21T02:06:46 IST">
          <exception class="junit.framework.AssertionFailedError">
            <full-stacktrace>
              <![CDATA[junit.framework.AssertionFailedError
at junit.framework.Assert.fail(Assert.java:47)
at junit.framework.Assert.assertTrue(Assert.java:20)
at junit.framework.Assert.assertTrue(Assert.java:27)
at QTRecognition.login.verifyColour(login.java:48)
at sun.reflect.NativeMethodAccessorImpl.invoke0(Native Method)
at sun.reflect.NativeMethodAccessorImpl.invoke(NativeMethodAccessorImpl.java:62)
at sun.reflect.DelegatingMethodAccessorImpl.invoke(DelegatingMethodAccessorImpl.java:43)
at java.lang.reflect.Method.invoke(Method.java:498)
at org.testng.internal.MethodInvocationHelper.invokeMethod(MethodInvocationHelper.java:133)
at org.testng.internal.TestInvoker.invokeMethod(TestInvoker.java:598)
at org.testng.internal.TestInvoker.invokeTestMethod(TestInvoker.java:173)
at org.testng.internal.MethodRunner.runInSequence(MethodRunner.java:46)
at org.testng.internal.TestInvoker$MethodInvocationAgent.invoke(TestInvoker.java:824)
at org.testng.internal.TestInvoker.invokeTestMethods(TestInvoker.java:146)
at org.testng.internal.TestMethodWorker.invokeTestMethods(TestMethodWorker.java:146)
at org.testng.internal.TestMethodWorker.run(TestMethodWorker.java:128)
at java.util.ArrayList.forEach(ArrayList.java:1259)
at org.testng.TestRunner.privateRun(TestRunner.java:794)
at org.testng.TestRunner.run(TestRunner.java:596)
at org.testng.SuiteRunner.runTest(SuiteRunner.java:377)
at org.testng.SuiteRunner.access$000(SuiteRunner.java:28)
at org.testng.SuiteRunner$SuiteWorker.run(SuiteRunner.java:418)
at org.testng.internal.thread.ThreadUtil.lambda$execute$0(ThreadUtil.java:64)
at java.util.concurrent.FutureTask.run(FutureTask.java:266)
at java.util.concurrent.ThreadPoolExecutor.runWorker(ThreadPoolExecutor.java:1149)
at java.util.concurrent.ThreadPoolExecutor$Worker.run(ThreadPoolExecutor.java:624)
at java.lang.Thread.run(Thread.java:748)
]]>
            </full-stacktrace>
          </exception> <!-- junit.framework.AssertionFailedError -->
          <reporter-output>
          </reporter-output>
        </test-method> <!-- verifyColour -->
        <test-method status="PASS" signature="exit()[pri:0, instance:QTRecognition.login@42eca56e]" name="exit" is-config="true" duration-ms="65" started-at="2021-10-21T02:06:46 IST" finished-at="2021-10-21T02:06:46 IST">
          <reporter-output>
          </reporter-output>
        </test-method> <!-- exit -->
      </class> <!-- QTRecognition.login -->
      <class name="QTRecognition.others">
        <test-method status="PASS" signature="other()[pri:0, instance:QTRecognition.others@561b6512]" name="other" duration-ms="24062" started-at="2021-10-21T02:08:17 IST" finished-at="2021-10-21T02:08:41 IST">
          <reporter-output>
          </reporter-output>
        </test-method> <!-- other -->
        <test-method status="PASS" signature="exit()[pri:0, instance:QTRecognition.others@561b6512]" name="exit" is-config="true" duration-ms="4217" started-at="2021-10-21T02:08:41 IST" finished-at="2021-10-21T02:08:45 IST">
          <reporter-output>
          </reporter-output>
        </test-method> <!-- exit -->
      </class> <!-- QTRecognition.others -->
      <class name="QTRecognition.kudosSend">
        <test-method status="FAIL" signature="kudosVerify()[pri:0, instance:QTRecognition.kudosSend@10dba097]" name="kudosVerify" duration-ms="36874" started-at="2021-10-21T02:06:54 IST" finished-at="2021-10-21T02:07:31 IST">
          <exception class="java.lang.AssertionError">
            <message>
              <![CDATA[expected [true] but found [false]]]>
            </message>
            <full-stacktrace>
              <![CDATA[java.lang.AssertionError: expected [true] but found [false]
at org.testng.Assert.fail(Assert.java:99)
at org.testng.Assert.failNotEquals(Assert.java:1037)
at org.testng.Assert.assertTrue(Assert.java:45)
at org.testng.Assert.assertTrue(Assert.java:55)
at QTRecognition.kudosSend.kudosVerify(kudosSend.java:63)
at sun.reflect.NativeMethodAccessorImpl.invoke0(Native Method)
at sun.reflect.NativeMethodAccessorImpl.invoke(NativeMethodAccessorImpl.java:62)
at sun.reflect.DelegatingMethodAccessorImpl.invoke(DelegatingMethodAccessorImpl.java:43)
at java.lang.reflect.Method.invoke(Method.java:498)
at org.testng.internal.MethodInvocationHelper.invokeMethod(MethodInvocationHelper.java:133)
at org.testng.internal.TestInvoker.invokeMethod(TestInvoker.java:598)
at org.testng.internal.TestInvoker.invokeTestMethod(TestInvoker.java:173)
at org.testng.internal.MethodRunner.runInSequence(MethodRunner.java:46)
at org.testng.internal.TestInvoker$MethodInvocationAgent.invoke(TestInvoker.java:824)
at org.testng.internal.TestInvoker.invokeTestMethods(TestInvoker.java:146)
at org.testng.internal.TestMethodWorker.invokeTestMethods(TestMethodWorker.java:146)
at org.testng.internal.TestMethodWorker.run(TestMethodWorker.java:128)
at java.util.ArrayList.forEach(ArrayList.java:1259)
at org.testng.TestRunner.privateRun(TestRunner.java:794)
at org.testng.TestRunner.run(TestRunner.java:596)
at org.testng.SuiteRunner.runTest(SuiteRunner.java:377)
at org.testng.SuiteRunner.access$000(SuiteRunner.java:28)
at org.testng.SuiteRunner$SuiteWorker.run(SuiteRunner.java:418)
at org.testng.internal.thread.ThreadUtil.lambda$execute$0(ThreadUtil.java:64)
at java.util.concurrent.FutureTask.run(FutureTask.java:266)
at java.util.concurrent.ThreadPoolExecutor.runWorker(ThreadPoolExecutor.java:1149)
at java.util.concurrent.ThreadPoolExecutor$Worker.run(ThreadPoolExecutor.java:624)
at java.lang.Thread.run(Thread.java:748)
]]>
            </full-stacktrace>
          </exception> <!-- java.lang.AssertionError -->
          <reporter-output>
          </reporter-output>
        </test-method> <!-- kudosVerify -->
        <test-method status="PASS" signature="exit()[pri:0, instance:QTRecognition.kudosSend@10dba097]" name="exit" is-config="true" duration-ms="115" started-at="2021-10-21T02:07:31 IST" finished-at="2021-10-21T02:07:31 IST">
          <reporter-output>
          </reporter-output>
        </test-method> <!-- exit -->
      </class> <!-- QTRecognition.kudosSend -->
      <class name="QTRecognition.kudosSearch">
        <test-method status="PASS" signature="search()[pri:0, instance:QTRecognition.kudosSearch@26b3fd41]" name="search" duration-ms="24285" started-at="2021-10-21T02:07:31 IST" finished-at="2021-10-21T02:07:55 IST">
          <reporter-output>
          </reporter-output>
        </test-method> <!-- search -->
        <test-method status="PASS" signature="exit()[pri:0, instance:QTRecognition.kudosSearch@26b3fd41]" name="exit" is-config="true" duration-ms="4153" started-at="2021-10-21T02:07:55 IST" finished-at="2021-10-21T02:07:59 IST">
          <reporter-output>
          </reporter-output>
        </test-method> <!-- exit -->
      </class> <!-- QTRecognition.kudosSearch -->
      <class name="QTRecognition.kudosRecent">
        <test-method status="PASS" signature="kudosrecentv()[pri:0, instance:QTRecognition.kudosRecent@7494f96a]" name="kudosrecentv" duration-ms="17729" started-at="2021-10-21T02:07:59 IST" finished-at="2021-10-21T02:08:17 IST">
          <reporter-output>
          </reporter-output>
        </test-method> <!-- kudosrecentv -->
        <test-method status="PASS" signature="exit()[pri:0, instance:QTRecognition.kudosRecent@7494f96a]" name="exit" is-config="true" duration-ms="75" started-at="2021-10-21T02:08:17 IST" finished-at="2021-10-21T02:08:17 IST">
          <reporter-output>
          </reporter-output>
        </test-method> <!-- exit -->
      </class> <!-- QTRecognition.kudosRecent -->
      <class name="QTRecognition.Activity">
        <test-method status="PASS" signature="activity()[pri:0, instance:QTRecognition.Activity@401e7803]" name="activity" duration-ms="8247" started-at="2021-10-21T02:06:46 IST" finished-at="2021-10-21T02:06:54 IST">
          <reporter-output>
          </reporter-output>
        </test-method> <!-- activity -->
        <test-method status="PASS" signature="exit()[pri:0, instance:QTRecognition.Activity@401e7803]" name="exit" is-config="true" duration-ms="88" started-at="2021-10-21T02:06:54 IST" finished-at="2021-10-21T02:06:54 IST">
          <reporter-output>
          </reporter-output>
        </test-method> <!-- exit -->
      </class> <!-- QTRecognition.Activity -->
    </test> <!-- Test -->
  </suite> <!-- Suite -->
</testng-results>
